


ARM Macro Assembler    Page 1 


    1 00000000         ;; RK - Evalbot (Cortex M3 de Texas Instrument)
    2 00000000         ;; Les deux LEDs sont initialement allumées
    3 00000000         ;; Ce programme lis l'état du bouton poussoir 1 connecté
                       e au port GPIOD broche 6
    4 00000000         ;; Si bouton poussoir fermé ==> fait clignoter les deux 
                       LED1&2 connectée au port GPIOF broches 4&5.
    5 00000000         
    6 00000000                 AREA             |.text|, CODE, READONLY
    7 00000000         
    8 00000000         ; This register controls the clock gating logic in norma
                       l Run mode
    9 00000000 400FE108 
                       SYSCTL_PERIPH_GPIO
                               EQU              0x400FE108  ; SYSCTL_RCGC2_R (p
                                                            291 datasheet de lm
                                                            3s9b92.pdf)
   10 00000000         
   11 00000000         ; The GPIODATA register is the data register
   12 00000000 40025000 
                       GPIO_PORTF_BASE
                               EQU              0x40025000  ; GPIO Port F (APB)
                                                             base: 0x4002.5000 
                                                            (p416 datasheet de 
                                                            lm3s9B92.pdf)
   13 00000000         
   14 00000000         ; The GPIODATA register is the data register
   15 00000000 40024000 
                       GPIO_PORTD_BASE
                               EQU              0x40024000  ; GPIO Port D (APB)
                                                             base: 0x4000.7000 
                                                            (p416 datasheet de 
                                                            lm3s9B92.pdf)
   16 00000000         
   17 00000000         ; configure the corresponding pin to be an output
   18 00000000         ; all GPIO pins are inputs by default
   19 00000000 00000400 
                       GPIO_O_DIR
                               EQU              0x00000400  ; GPIO Direction (p
                                                            417 datasheet de lm
                                                            3s9B92.pdf)
   20 00000000         
   21 00000000         ; The GPIODR2R register is the 2-mA drive control regist
                       er
   22 00000000         ; By default, all GPIO pins have 2-mA drive.
   23 00000000 00000500 
                       GPIO_O_DR2R
                               EQU              0x00000500  ; GPIO 2-mA Drive S
                                                            elect (p428 datashe
                                                            et de lm3s9B92.pdf)
                                                            
   24 00000000         
   25 00000000         ; Digital enable register
   26 00000000         ; To use the pin as a digital input or output, the corre
                       sponding GPIODEN bit must be set.
   27 00000000 0000051C 
                       GPIO_O_DEN
                               EQU              0x0000051C  ; GPIO Digital Enab
                                                            le (p437 datasheet 
                                                            de lm3s9B92.pdf)



ARM Macro Assembler    Page 2 


   28 00000000         
   29 00000000         ; Pul_up
   30 00000000 00000510 
                       GPIO_I_PUR
                               EQU              0x00000510  ; GPIO Pull-Up (p43
                                                            2 datasheet de lm3s
                                                            9B92.pdf)
   31 00000000         
   32 00000000         ; Broches select
   33 00000000 00000030 
                       BROCHE4_5
                               EQU              0x30        ; led1 & led2 sur b
                                                            roche 4 et 5
   34 00000000         
   35 00000000 00000003 
                       BROCHE6 EQU              0x03        ; bouton poussoir 1
                                                            
   36 00000000         
   37 00000000         ; blinking frequency
   38 00000000 002FFFFF 
                       DUREE   EQU              0x002FFFFF
   39 00000000         
   40 00000000         
   41 00000000                 ENTRY
   42 00000000                 EXPORT           __main
   43 00000000         __main
   44 00000000         
   45 00000000         ; ;; Enable the Port F & D peripheral clock   (p291 data
                       sheet de lm3s9B96.pdf)
   46 00000000         ; ;;         
   47 00000000 4E18            ldr              r6, = SYSCTL_PERIPH_GPIO 
                                                            ;; RCGC2
   48 00000002 F04F 0038       mov              r0, #0x00000038 ;; Enable clock
                                                             sur GPIO D et F où
                                                             sont branchés les 
                                                            leds (0x28 == 0b101
                                                            000)
   49 00000006         ; ;;                              (GPIO::FEDCBA)
   50 00000006 6030            str              r0, [r6]
   51 00000008         
   52 00000008         ; ;; "There must be a delay of 3 system clocks before an
                       y GPIO reg. access  (p413 datasheet de lm3s9B92.pdf)
   53 00000008 BF00            nop                          ;; tres tres import
                                                            ant....
   54 0000000A BF00            nop
   55 0000000C BF00            nop                          ;; pas necessaire e
                                                            n simu ou en debbug
                                                             step by step...
   56 0000000E         
   57 0000000E         ;^^^^^^^^^^^^^^^^^^^^^^^^^^^^^^CONFIGURATION LED
   58 0000000E         
   59 0000000E 4E16            ldr              r6, = GPIO_PORTF_BASE+GPIO_O_DI
R 
                                                            ;; 1 Pin du portF e
                                                            n sortie (broche 4 
                                                            : 00010000)
   60 00000010 F04F 0030       ldr              r0, = BROCHE4_5
   61 00000014 6030            str              r0, [r6]
   62 00000016         



ARM Macro Assembler    Page 3 


   63 00000016 4E15            ldr              r6, = GPIO_PORTF_BASE+GPIO_O_DE
N 
                                                            ;; Enable Digital F
                                                            unction 
   64 00000018 F04F 0030       ldr              r0, = BROCHE4_5
   65 0000001C 6030            str              r0, [r6]
   66 0000001E         
   67 0000001E 4E14            ldr              r6, = GPIO_PORTF_BASE+GPIO_O_DR
2R 
                                                            ;; Choix de l'inten
                                                            sité de sortie (2mA
                                                            )
   68 00000020 F04F 0030       ldr              r0, = BROCHE4_5
   69 00000024 6030            str              r0, [r6]
   70 00000026         
   71 00000026 F04F 0200       mov              r2, #0x000  ;; pour eteindre LE
                                                            D
   72 0000002A         
   73 0000002A         ; allumer la led broche 4 (BROCHE4_5)
   74 0000002A F04F 0330       mov              r3, #BROCHE4_5 ;; Allume LED1&2
                                                             portF broche 4&5 :
                                                             00110000
   75 0000002E         
   76 0000002E 4E11            ldr              r6, = GPIO_PORTF_BASE + (BROCHE
4_5<<2) 
                                                            ;; @data Register =
                                                             @base + (mask<<2) 
                                                            ==> LED1
   77 00000030         ;vvvvvvvvvvvvvvvvvvvvvvvFin configuration LED 
   78 00000030         
   79 00000030         
   80 00000030         
   81 00000030         
   82 00000030         ;^^^^^^^^^^^^^^^^^^^^^^^^^^^^^^CONFIGURATION Switcher 1
   83 00000030         
   84 00000030 4F11            ldr              r7, = GPIO_PORTD_BASE+GPIO_I_PU
R 
                                                            ;; Pul_up 
   85 00000032 F04F 0003       ldr              r0, = BROCHE6
   86 00000036 6038            str              r0, [r7]
   87 00000038         
   88 00000038 4F10            ldr              r7, = GPIO_PORTD_BASE+GPIO_O_DE
N 
                                                            ;; Enable Digital F
                                                            unction 
   89 0000003A F04F 0003       ldr              r0, = BROCHE6
   90 0000003E 6038            str              r0, [r7]
   91 00000040         
   92 00000040 4F0F            ldr              r7, = GPIO_PORTD_BASE + (BROCHE
6<<2) 
                                                            ;; @data Register =
                                                             @base + (mask<<2) 
                                                            ==> Switcher
   93 00000042         
   94 00000042         ;vvvvvvvvvvvvvvvvvvvvvvvFin configuration Switcher 
   95 00000042         
   96 00000042         
   97 00000042         
   98 00000042         



ARM Macro Assembler    Page 4 


   99 00000042         
  100 00000042         
  101 00000042         
  102 00000042         
  103 00000042         
  104 00000042         ;^^^^^^^^^^^^^^^^^^^^^^^^^^^^^^CLIGNOTTEMENT
  105 00000042         
  106 00000042 6033            str              r3, [r6]    ;; Allume LED1&2 po
                                                            rtF broche 4&5 : 00
                                                            110000 (contenu de 
                                                            r3)
  107 00000044         
  108 00000044         ReadState
  109 00000044         
  110 00000044 F8D7 A000       ldr              r10,[r7]
  111 00000048 F1BA 0F00       CMP              r10,#0x00
  112 0000004C D1FA            BNE              ReadState
  113 0000004E         
  114 0000004E         loop
  115 0000004E 6032            str              r2, [r6]    ;; Eteint LED car r
                                                            2 = 0x00      
  116 00000050 490C            ldr              r1, = DUREE ;; pour la duree de
                                                             la boucle d'attent
                                                            e1 (wait1)
  117 00000052         
  118 00000052 3901    wait1   subs             r1, #1
  119 00000054 D1FD            bne              wait1
  120 00000056         
  121 00000056 6033            str              r3, [r6]    ;; Allume LED1&2 po
                                                            rtF broche 4&5 : 00
                                                            110000 (contenu de 
                                                            r3)
  122 00000058 490A            ldr              r1, = DUREE ;; pour la duree de
                                                             la boucle d'attent
                                                            e2 (wait2)
  123 0000005A         
  124 0000005A 3901    wait2   subs             r1, #1
  125 0000005C D1FD            bne              wait2
  126 0000005E         
  127 0000005E E7F6            b                loop
  128 00000060         
  129 00000060         
  130 00000060         
  131 00000060 BF00            nop
  132 00000062                 END
              00 00 400FE108 
              40025400 
              4002551C 
              40025500 
              400250C0 
              40024510 
              4002451C 
              4002400C 
              002FFFFF 
Command Line: --debug --xref --diag_suppress=9931 --cpu=Cortex-M3 --apcs=interw
ork --depend=.\objects\rk_blinky_2led_1.2.d -o.\objects\rk_blinky_2led_1.2.o -I
.\RTE\_Target_1 -IC:\Users\polom\AppData\Local\Arm\Packs\ARM\CMSIS\5.5.1\CMSIS\
Core\Include -IC:\Users\polom\AppData\Local\Arm\Packs\ARM\CMSIS\5.5.1\Device\AR
M\ARMCM3\Include --predefine="__EVAL SETA 1" --predefine="__MICROLIB SETA 1" --



ARM Macro Assembler    Page 5 


predefine="__UVISION_VERSION SETA 528" --predefine="_RTE_ SETA 1" --predefine="
ARMCM3 SETA 1" --list=.\listings\rk_blinky_2led_1.2.lst RK_Blinky_2LED_1.2.s



ARM Macro Assembler    Page 1 Alphabetic symbol ordering
Relocatable symbols

.text 00000000

Symbol: .text
   Definitions
      At line 6 in file RK_Blinky_2LED_1.2.s
   Uses
      None
Comment: .text unused
ReadState 00000044

Symbol: ReadState
   Definitions
      At line 108 in file RK_Blinky_2LED_1.2.s
   Uses
      At line 112 in file RK_Blinky_2LED_1.2.s
Comment: ReadState used once
__main 00000000

Symbol: __main
   Definitions
      At line 43 in file RK_Blinky_2LED_1.2.s
   Uses
      At line 42 in file RK_Blinky_2LED_1.2.s
Comment: __main used once
loop 0000004E

Symbol: loop
   Definitions
      At line 114 in file RK_Blinky_2LED_1.2.s
   Uses
      At line 127 in file RK_Blinky_2LED_1.2.s
Comment: loop used once
wait1 00000052

Symbol: wait1
   Definitions
      At line 118 in file RK_Blinky_2LED_1.2.s
   Uses
      At line 119 in file RK_Blinky_2LED_1.2.s
Comment: wait1 used once
wait2 0000005A

Symbol: wait2
   Definitions
      At line 124 in file RK_Blinky_2LED_1.2.s
   Uses
      At line 125 in file RK_Blinky_2LED_1.2.s
Comment: wait2 used once
6 symbols



ARM Macro Assembler    Page 1 Alphabetic symbol ordering
Absolute symbols

BROCHE4_5 00000030

Symbol: BROCHE4_5
   Definitions
      At line 33 in file RK_Blinky_2LED_1.2.s
   Uses
      At line 60 in file RK_Blinky_2LED_1.2.s
      At line 64 in file RK_Blinky_2LED_1.2.s
      At line 68 in file RK_Blinky_2LED_1.2.s
      At line 74 in file RK_Blinky_2LED_1.2.s
      At line 76 in file RK_Blinky_2LED_1.2.s

BROCHE6 00000003

Symbol: BROCHE6
   Definitions
      At line 35 in file RK_Blinky_2LED_1.2.s
   Uses
      At line 85 in file RK_Blinky_2LED_1.2.s
      At line 89 in file RK_Blinky_2LED_1.2.s
      At line 92 in file RK_Blinky_2LED_1.2.s

DUREE 002FFFFF

Symbol: DUREE
   Definitions
      At line 38 in file RK_Blinky_2LED_1.2.s
   Uses
      At line 116 in file RK_Blinky_2LED_1.2.s
      At line 122 in file RK_Blinky_2LED_1.2.s

GPIO_I_PUR 00000510

Symbol: GPIO_I_PUR
   Definitions
      At line 30 in file RK_Blinky_2LED_1.2.s
   Uses
      At line 84 in file RK_Blinky_2LED_1.2.s
Comment: GPIO_I_PUR used once
GPIO_O_DEN 0000051C

Symbol: GPIO_O_DEN
   Definitions
      At line 27 in file RK_Blinky_2LED_1.2.s
   Uses
      At line 63 in file RK_Blinky_2LED_1.2.s
      At line 88 in file RK_Blinky_2LED_1.2.s

GPIO_O_DIR 00000400

Symbol: GPIO_O_DIR
   Definitions
      At line 19 in file RK_Blinky_2LED_1.2.s
   Uses
      At line 59 in file RK_Blinky_2LED_1.2.s
Comment: GPIO_O_DIR used once
GPIO_O_DR2R 00000500

Symbol: GPIO_O_DR2R



ARM Macro Assembler    Page 2 Alphabetic symbol ordering
Absolute symbols

   Definitions
      At line 23 in file RK_Blinky_2LED_1.2.s
   Uses
      At line 67 in file RK_Blinky_2LED_1.2.s
Comment: GPIO_O_DR2R used once
GPIO_PORTD_BASE 40024000

Symbol: GPIO_PORTD_BASE
   Definitions
      At line 15 in file RK_Blinky_2LED_1.2.s
   Uses
      At line 84 in file RK_Blinky_2LED_1.2.s
      At line 88 in file RK_Blinky_2LED_1.2.s
      At line 92 in file RK_Blinky_2LED_1.2.s

GPIO_PORTF_BASE 40025000

Symbol: GPIO_PORTF_BASE
   Definitions
      At line 12 in file RK_Blinky_2LED_1.2.s
   Uses
      At line 59 in file RK_Blinky_2LED_1.2.s
      At line 63 in file RK_Blinky_2LED_1.2.s
      At line 67 in file RK_Blinky_2LED_1.2.s
      At line 76 in file RK_Blinky_2LED_1.2.s

SYSCTL_PERIPH_GPIO 400FE108

Symbol: SYSCTL_PERIPH_GPIO
   Definitions
      At line 9 in file RK_Blinky_2LED_1.2.s
   Uses
      At line 47 in file RK_Blinky_2LED_1.2.s
Comment: SYSCTL_PERIPH_GPIO used once
10 symbols
353 symbols in table
