


ARM Macro Assembler    Page 1 


    1 00000000         
    2 00000000         ;; RK - Evalbot (Cortex M3 de Texas Instrument)
    3 00000000         ;; fait clignoter une seule LED connectée au port GPIOF
    4 00000000         
    5 00000000                 AREA             |.text|, CODE, READONLY
    6 00000000         
    7 00000000         ; This register controls the clock gating logic in norma
                       l Run mode
    8 00000000 400FE108 
                       SYSCTL_PERIPH_GPIOF
                               EQU              0x400FE108  ; SYSCTL_RCGC2_R (p
                                                            291 datasheet de lm
                                                            3s9b92.pdf)
    9 00000000         
   10 00000000         ; The GPIODATA register is the data register
   11 00000000 40025000 
                       GPIO_PORTF_BASE
                               EQU              0x40025000  ; GPIO Port F (APB)
                                                             base: 0x4002.5000 
                                                            (p416 datasheet de 
                                                            lm3s9B92.pdf)
   12 00000000         
   13 00000000         ; configure the corresponding pin to be an output
   14 00000000         ; all GPIO pins are inputs by default
   15 00000000 00000400 
                       GPIO_O_DIR
                               EQU              0x00000400  ; GPIO Direction (p
                                                            417 datasheet de lm
                                                            3s9B92.pdf)
   16 00000000         
   17 00000000         ; The GPIODR2R register is the 2-mA drive control regist
                       er
   18 00000000         ; By default, all GPIO pins have 2-mA drive.
   19 00000000 00000500 
                       GPIO_O_DR2R
                               EQU              0x00000500  ; GPIO 2-mA Drive S
                                                            elect (p428 datashe
                                                            et de lm3s9B92.pdf)
                                                            
   20 00000000         
   21 00000000         ; Digital enable register
   22 00000000         ; To use the pin as a digital input or output, the corre
                       sponding GPIODEN bit must be set.
   23 00000000 0000051C 
                       GPIO_O_DEN
                               EQU              0x0000051C  ; GPIO Digital Enab
                                                            le (p437 datasheet 
                                                            de lm3s9B92.pdf)
   24 00000000         
   25 00000000         ; PIN select
   26 00000000 00000010 
                       PIN4    EQU              0x10        ; led1 sur broche 4
                                                            
   27 00000000         
   28 00000000         ; blinking frequency
   29 00000000 002FFFFF 
                       DUREE   EQU              0x002FFFFF  ; Random Value
   30 00000000         
   31 00000000                 ENTRY



ARM Macro Assembler    Page 2 


   32 00000000                 EXPORT           __main
   33 00000000         __main
   34 00000000         
   35 00000000         ; ;; Enable the Port F peripheral clock by setting bit 5
                        (0x20 == 0b100000)  (p291 datasheet de lm3s9B96.pdf)
   36 00000000         ; ;;               (GPIO::FEDCBA)
   37 00000000 4E10            ldr              r6, = SYSCTL_PERIPH_GPIOF 
                                                            ;; RCGC2
   38 00000002 F04F 0020       mov              r0, #0x00000020 ;; Enable clock
                                                             sur GPIO F où sont
                                                             branchés les leds 
                                                            (0x20 == 0b100000)
   39 00000006         ; ;;                         (GPIO::FEDCBA)
   40 00000006 6030            str              r0, [r6]
   41 00000008         
   42 00000008         ; ;; "There must be a delay of 3 system clocks before an
                       y GPIO reg. access  (p413 datasheet de lm3s9B92.pdf)
   43 00000008 BF00            nop                          ;; tres tres import
                                                            ant....
   44 0000000A BF00            nop
   45 0000000C BF00            nop                          ;; pas necessaire e
                                                            n simu ou en debbug
                                                             step by step...
   46 0000000E         
   47 0000000E         ;^^^^^^^^^^^^^^^^^^^^^^^^^^^^^^CONFIGURATION LED
   48 0000000E         
   49 0000000E 4E0E            ldr              r6, = GPIO_PORTF_BASE+GPIO_O_DI
R 
                                                            ;; 1 Pin du portF e
                                                            n sortie (broche 4 
                                                            : 00010000)
   50 00000010 F04F 0010       ldr              r0, = PIN4
   51 00000014 6030            str              r0, [r6]
   52 00000016         
   53 00000016 4E0D            ldr              r6, = GPIO_PORTF_BASE+GPIO_O_DE
N 
                                                            ;; Enable Digital F
                                                            unction 
   54 00000018 F04F 0010       ldr              r0, = PIN4
   55 0000001C 6030            str              r0, [r6]
   56 0000001E         
   57 0000001E 4E0C            ldr              r6, = GPIO_PORTF_BASE+GPIO_O_DR
2R 
                                                            ;; Choix de l'inten
                                                            sité de sortie (2mA
                                                            )
   58 00000020 F04F 0010       ldr              r0, = PIN4
   59 00000024 6030            str              r0, [r6]
   60 00000026         
   61 00000026 F04F 0200       mov              r2, #0x000  ;; pour eteindre LE
                                                            D
   62 0000002A         
   63 0000002A         ; allumer la led broche 4 (PIN4)
   64 0000002A F04F 0310       mov              r3, #PIN4   ;; Allume portF bro
                                                            che 4 : 00010000
   65 0000002E 4E09            ldr              r6, = GPIO_PORTF_BASE + (PIN4<<
2) 
                                                            ;; @data Register =
                                                             @base + (mask<<2) 



ARM Macro Assembler    Page 3 


                                                            ==> LED1
   66 00000030         
   67 00000030         ;vvvvvvvvvvvvvvvvvvvvvvvFin configuration LED 
   68 00000030         
   69 00000030         ;^^^^^^^^^^^^^^^^^^^^^^^^^^^^^^CLIGNOTTEMENT
   70 00000030         
   71 00000030         loop
   72 00000030 6032            str              r2, [r6]    ;; Eteint LED car r
                                                            2 = 0x00      
   73 00000032 4909            ldr              r1, = DUREE ;; pour la duree de
                                                             la boucle d'attent
                                                            e1 (wait1)
   74 00000034         
   75 00000034 3901    wait1   subs             r1, #1
   76 00000036 D1FD            bne              wait1
   77 00000038         
   78 00000038 6033            str              r3, [r6]    ;; Allume portF bro
                                                            che 4 : 00010000 (c
                                                            ontenu de r3)
   79 0000003A 4907            ldr              r1, = DUREE ;; pour la duree de
                                                             la boucle d'attent
                                                            e2 (wait2)
   80 0000003C         
   81 0000003C 3901    wait2   subs             r1, #1
   82 0000003E D1FD            bne              wait2
   83 00000040         
   84 00000040 E7F6            b                loop
   85 00000042         
   86 00000042 BF00            nop
   87 00000044                 END
              400FE108 
              40025400 
              4002551C 
              40025500 
              40025040 
              002FFFFF 
Command Line: --debug --xref --diag_suppress=9931 --cpu=Cortex-M3 --apcs=interw
ork --depend=.\objects\rk_blinky_1led.d -o.\objects\rk_blinky_1led.o -I.\RTE\_T
arget_1 -IC:\Users\polom\AppData\Local\Arm\Packs\ARM\CMSIS\5.5.1\CMSIS\Core\Inc
lude -IC:\Users\polom\AppData\Local\Arm\Packs\ARM\CMSIS\5.5.1\Device\ARM\ARMCM3
\Include --predefine="__EVAL SETA 1" --predefine="__MICROLIB SETA 1" --predefin
e="__UVISION_VERSION SETA 528" --predefine="_RTE_ SETA 1" --predefine="ARMCM3 S
ETA 1" --list=.\listings\rk_blinky_1led.lst RK_Blinky_1LED.s



ARM Macro Assembler    Page 1 Alphabetic symbol ordering
Relocatable symbols

.text 00000000

Symbol: .text
   Definitions
      At line 5 in file RK_Blinky_1LED.s
   Uses
      None
Comment: .text unused
__main 00000000

Symbol: __main
   Definitions
      At line 33 in file RK_Blinky_1LED.s
   Uses
      At line 32 in file RK_Blinky_1LED.s
Comment: __main used once
loop 00000030

Symbol: loop
   Definitions
      At line 71 in file RK_Blinky_1LED.s
   Uses
      At line 84 in file RK_Blinky_1LED.s
Comment: loop used once
wait1 00000034

Symbol: wait1
   Definitions
      At line 75 in file RK_Blinky_1LED.s
   Uses
      At line 76 in file RK_Blinky_1LED.s
Comment: wait1 used once
wait2 0000003C

Symbol: wait2
   Definitions
      At line 81 in file RK_Blinky_1LED.s
   Uses
      At line 82 in file RK_Blinky_1LED.s
Comment: wait2 used once
5 symbols



ARM Macro Assembler    Page 1 Alphabetic symbol ordering
Absolute symbols

DUREE 002FFFFF

Symbol: DUREE
   Definitions
      At line 29 in file RK_Blinky_1LED.s
   Uses
      At line 73 in file RK_Blinky_1LED.s
      At line 79 in file RK_Blinky_1LED.s

GPIO_O_DEN 0000051C

Symbol: GPIO_O_DEN
   Definitions
      At line 23 in file RK_Blinky_1LED.s
   Uses
      At line 53 in file RK_Blinky_1LED.s
Comment: GPIO_O_DEN used once
GPIO_O_DIR 00000400

Symbol: GPIO_O_DIR
   Definitions
      At line 15 in file RK_Blinky_1LED.s
   Uses
      At line 49 in file RK_Blinky_1LED.s
Comment: GPIO_O_DIR used once
GPIO_O_DR2R 00000500

Symbol: GPIO_O_DR2R
   Definitions
      At line 19 in file RK_Blinky_1LED.s
   Uses
      At line 57 in file RK_Blinky_1LED.s
Comment: GPIO_O_DR2R used once
GPIO_PORTF_BASE 40025000

Symbol: GPIO_PORTF_BASE
   Definitions
      At line 11 in file RK_Blinky_1LED.s
   Uses
      At line 49 in file RK_Blinky_1LED.s
      At line 53 in file RK_Blinky_1LED.s
      At line 57 in file RK_Blinky_1LED.s
      At line 65 in file RK_Blinky_1LED.s

PIN4 00000010

Symbol: PIN4
   Definitions
      At line 26 in file RK_Blinky_1LED.s
   Uses
      At line 50 in file RK_Blinky_1LED.s
      At line 54 in file RK_Blinky_1LED.s
      At line 58 in file RK_Blinky_1LED.s
      At line 64 in file RK_Blinky_1LED.s
      At line 65 in file RK_Blinky_1LED.s

SYSCTL_PERIPH_GPIOF 400FE108

Symbol: SYSCTL_PERIPH_GPIOF



ARM Macro Assembler    Page 2 Alphabetic symbol ordering
Absolute symbols

   Definitions
      At line 8 in file RK_Blinky_1LED.s
   Uses
      At line 37 in file RK_Blinky_1LED.s
Comment: SYSCTL_PERIPH_GPIOF used once
7 symbols
349 symbols in table
