


ARM Macro Assembler    Page 1 


    1 00000000         ;/******************************************************
                       ********************//**
    2 00000000         ; * @file     startup_ARMCM3.s
    3 00000000         ; * @brief    CMSIS Core Device Startup File for
    4 00000000         ; *           ARMCM3 Device
    5 00000000         ; * @version  V5.4.0
    6 00000000         ; * @date     12. December 2018
    7 00000000         ; ******************************************************
                       ************************/
    8 00000000         ;/*
    9 00000000         ; * Copyright (c) 2009-2018 Arm Limited. All rights rese
                       rved.
   10 00000000         ; *
   11 00000000         ; * SPDX-License-Identifier: Apache-2.0
   12 00000000         ; *
   13 00000000         ; * Licensed under the Apache License, Version 2.0 (the 
                       License); you may
   14 00000000         ; * not use this file except in compliance with the Lice
                       nse.
   15 00000000         ; * You may obtain a copy of the License at
   16 00000000         ; *
   17 00000000         ; * www.apache.org/licenses/LICENSE-2.0
   18 00000000         ; *
   19 00000000         ; * Unless required by applicable law or agreed to in wr
                       iting, software
   20 00000000         ; * distributed under the License is distributed on an A
                       S IS BASIS, WITHOUT
   21 00000000         ; * WARRANTIES OR CONDITIONS OF ANY KIND, either express
                        or implied.
   22 00000000         ; * See the License for the specific language governing 
                       permissions and
   23 00000000         ; * limitations under the License.
   24 00000000         ; */
   25 00000000         
   26 00000000         ;//-------- <<< Use Configuration Wizard in Context Menu
                        >>> ------------------
   27 00000000         
   28 00000000         
   29 00000000         ;<h> Stack Configuration
   30 00000000         ;  <o> Stack Size (in Bytes) <0x0-0xFFFFFFFF:8>
   31 00000000         ;</h>
   32 00000000 400FE060 
                       RCC     EQU              0x400FE060  ; Adresse du regist
                                                            re RCC
   33 00000000 400FE070 
                       RCC2    EQU              0x400FE070  ; Adresse du regist
                                                            re RCC2 (si utilisé
                                                            )
   34 00000000 000007C0 
                       RCC_XTAL
                               EQU              0x000007C0  ; Masque pour le ch
                                                            amp XTAL dans RCC
   35 00000000 00000540 
                       RCC_XTAL_16MHZ
                               EQU              0x00000540  ; Valeur pour un cr
                                                            istal de 16 MHz
   36 00000000 00000030 
                       RCC_OSCSRC
                               EQU              0x00000030  ; Masque pour le ch



ARM Macro Assembler    Page 2 


                                                            amp OSCSRC dans RCC
                                                            
   37 00000000 00000000 
                       RCC_OSCSRC_MAIN
                               EQU              0x00000000  ; Utiliser l'oscill
                                                            ateur principal
   38 00000000 00002000 
                       RCC_PWRDN
                               EQU              0x00002000  ; Bit de mise hors 
                                                            tension du PLL
   39 00000000 40000000 
                       RCC2_DIV400
                               EQU              0x40000000  ; Utiliser le divis
                                                            eur 400 dans RCC2
   40 00000000 07800000 
                       RCC_SYSDIV
                               EQU              0x07800000  ; Masque pour le ch
                                                            amp SYSDIV dans RCC
                                                            
   41 00000000 1F800000 
                       RCC_SYSDIV2
                               EQU              0x1F800000  ; Masque pour le ch
                                                            amp SYSDIV2 dans RC
                                                            C2
   42 00000000         
   43 00000000 00000400 
                       Stack_Size
                               EQU              0x00000400
   44 00000000         
   45 00000000                 AREA             STACK, NOINIT, READWRITE, ALIGN
=3
   46 00000000         __stack_limit
   47 00000000         Stack_Mem
                               SPACE            Stack_Size
   48 00000400         __initial_sp
   49 00000400         
   50 00000400         
   51 00000400         ;<h> Heap Configuration
   52 00000400         ;  <o> Heap Size (in Bytes) <0x0-0xFFFFFFFF:8>
   53 00000400         ;</h>
   54 00000400         
   55 00000400 00000C00 
                       Heap_Size
                               EQU              0x00000C00
   56 00000400         
   57 00000400                 IF               Heap_Size != 0 
                                                            ; Heap is provided
   58 00000400                 AREA             HEAP, NOINIT, READWRITE, ALIGN=
3
   59 00000000         __heap_base
   60 00000000         Heap_Mem
                               SPACE            Heap_Size
   61 00000C00         __heap_limit
   62 00000C00                 ENDIF
   63 00000C00         
   64 00000C00         
   65 00000C00                 PRESERVE8
   66 00000C00                 THUMB
   67 00000C00         



ARM Macro Assembler    Page 3 


   68 00000C00         
   69 00000C00         ; Vector Table Mapped to Address 0 at Reset
   70 00000C00         
   71 00000C00                 AREA             RESET, DATA, READONLY
   72 00000000                 EXPORT           __Vectors
   73 00000000                 EXPORT           __Vectors_End
   74 00000000                 EXPORT           __Vectors_Size
   75 00000000         
   76 00000000 00000000 
                       __Vectors
                               DCD              __initial_sp ;     Top of Stack
                                                            
   77 00000004 00000000        DCD              Reset_Handler 
                                                            ;     Reset Handler
                                                            
   78 00000008 00000000        DCD              NMI_Handler ; -14 NMI Handler
   79 0000000C 00000000        DCD              HardFault_Handler ; -13 Hard Fa
                                                            ult Handler
   80 00000010 00000000        DCD              MemManage_Handler ; -12 MPU Fau
                                                            lt Handler
   81 00000014 00000000        DCD              BusFault_Handler ; -11 Bus Faul
                                                            t Handler
   82 00000018 00000000        DCD              UsageFault_Handler ; -10 Usage 
                                                            Fault Handler
   83 0000001C 00000000        DCD              0           ;     Reserved
   84 00000020 00000000        DCD              0           ;     Reserved
   85 00000024 00000000        DCD              0           ;     Reserved
   86 00000028 00000000        DCD              0           ;     Reserved
   87 0000002C 00000000        DCD              SVC_Handler ;  -5 SVCall Handle
                                                            r
   88 00000030 00000000        DCD              DebugMon_Handler ;  -4 Debug Mo
                                                            nitor Handler
   89 00000034 00000000        DCD              0           ;     Reserved
   90 00000038 00000000        DCD              PendSV_Handler ;  -2 PendSV Han
                                                            dler
   91 0000003C 00000000        DCD              SysTick_Handler ;  -1 SysTick H
                                                            andler
   92 00000040         
   93 00000040         ; Interrupts
   94 00000040 00000000        DCD              Interrupt0_Handler 
                                                            ;   0 Interrupt 0
   95 00000044 00000000        DCD              Interrupt1_Handler 
                                                            ;   1 Interrupt 1
   96 00000048 00000000        DCD              Interrupt2_Handler 
                                                            ;   2 Interrupt 2
   97 0000004C 00000000        DCD              Interrupt3_Handler 
                                                            ;   3 Interrupt 3
   98 00000050 00000000        DCD              Interrupt4_Handler 
                                                            ;   4 Interrupt 4
   99 00000054 00000000        DCD              Interrupt5_Handler 
                                                            ;   5 Interrupt 5
  100 00000058 00000000        DCD              Interrupt6_Handler 
                                                            ;   6 Interrupt 6
  101 0000005C 00000000        DCD              Interrupt7_Handler 
                                                            ;   7 Interrupt 7
  102 00000060 00000000        DCD              Interrupt8_Handler 
                                                            ;   8 Interrupt 8
  103 00000064 00000000        DCD              Interrupt9_Handler 
                                                            ;   9 Interrupt 9



ARM Macro Assembler    Page 4 


  104 00000068         
  105 00000068 00 00 00 
              00 00 00 
              00 00 00 
              00 00 00 
              00 00 00 
              00 00 00 
              00 00 00 
              00 00 00 
              00 00 00 
              00 00 00 
              00 00 00 
              00 00 00 
              00 00 00 
              00 00 00 
              00 00 00 
              00 00 00 
              00 00 00 
              00 00 00 
              00 00 00 
              00 00 00 
              00 00 00 
              00 00 00 
              00 00 00 
              00 00 00 
              00 00 00 
              00 00 00 
              00 00 00 
              00 00 00 
              00 00 00 
              00 00 00 
              00 00 00 
              00 00 00 
              00 00 00 
              00 00 00 
              00 00 00 
              00 00 00 
              00 00 00 
              00 00 00 
              00 00 00 
              00 00 00 
              00 00 00 
              00 00 00 
              00 00 00 
              00 00 00 
              00 00 00 
              00 00 00 
              00 00 00 
              00 00 00 
              00 00 00 
              00 00 00 
              00 00 00 
              00 00 00 
              00 00 00 
              00 00 00 
              00 00 00 
              00 00 00 
              00 00 00 
              00 00 00 



ARM Macro Assembler    Page 5 


              00 00 00 
              00 00 00 
              00 00 00 
              00 00 00 
              00 00 00 
              00 00 00 
              00 00 00 
              00 00 00 
              00 00 00 
              00 00 00 
              00 00 00 
              00 00 00 
              00 00 00 
              00 00 00 
              00 00 00 
              00 00 00 
              00 00 00 
              00 00 00 
              00 00 00 
              00 00 00 
              00 00 00 
              00 00 00 
              00 00 00 
              00 00 00 
              00 00 00 
              00 00 00 
              00 00 00 
              00 00 00 
              00 00 00 
              00 00 00 
              00 00 00 
              00 00 00 
              00 00 00 
              00 00 00 
              00 00 00 
              00 00 00 
              00 00 00 
              00 00 00 
              00 00 00 
              00 00 00 
              00 00 00 
              00 00 00 
              00 00 00 
              00 00 00 
              00 00 00 
              00 00 00 
              00 00 00 
              00 00 00 
              00 00 00 
              00 00 00 
              00 00 00 
              00 00 00 
              00 00 00 
              00 00 00 
              00 00 00 
              00 00 00 
              00 00 00 
              00 00 00 
              00 00 00 



ARM Macro Assembler    Page 6 


              00 00 00 
              00 00 00 
              00 00 00 
              00 00 00 
              00 00 00 
              00 00 00 
              00 00 00 
              00 00 00 
              00 00 00 
              00 00 00 
              00 00 00 
              00 00 00 
              00 00 00 
              00 00 00 
              00 00 00 
              00 00 00 
              00 00 00 
              00 00 00 
              00 00 00 
              00 00 00 
              00 00 00 
              00 00 00 
              00 00 00 
              00 00 00 
              00 00 00 
              00 00 00 
              00 00 00 
              00 00 00 
              00 00 00 
              00 00 00 
              00 00 00 
              00 00 00 
              00 00 00 
              00 00 00 
              00 00 00 
              00 00 00 
              00 00 00 
              00 00 00 
              00 00 00 
              00 00 00 
              00 00 00 
              00 00 00 
              00 00 00 
              00 00 00 
              00 00 00 
              00 00 00 
              00 00 00 
              00 00 00 
              00 00 00 
              00 00 00 
              00 00 00 
              00 00 00 
              00 00 00 
              00 00 00 
              00 00 00 
              00 00 00 
              00 00 00 
              00 00 00 
              00 00 00 



ARM Macro Assembler    Page 7 


              00 00 00 
              00 00 00 
              00 00 00 
              00 00 00 
              00 00 00 
              00 00 00 
              00 00 00 
              00 00 00 
              00 00 00 
              00 00 00 
              00 00 00 
              00 00 00 
              00 00 00 
              00 00 00 
              00 00 00 
              00 00 00 
              00 00 00 
              00 00 00 
              00 00 00 
              00 00 00 
              00 00 00 
              00 00 00 
              00 00 00 
              00 00 00 
              00 00 00 
              00 00 00 
              00 00 00 
              00 00 00 
              00 00 00 
              00 00 00 
              00 00 00 
              00 00 00 
              00 00 00 
              00 00 00 
              00 00 00 
              00 00 00 
              00 00 00 
              00 00 00 
              00 00 00 
              00 00 00 
              00 00 00 
              00 00 00 
              00 00 00 
              00 00 00 
              00 00 00 
              00 00 00 
              00 00 00 
              00 00 00 
              00 00 00 
              00 00 00 
              00 00 00 
              00 00 00 
              00 00 00 
              00 00 00 
              00 00 00 
              00 00 00 
              00 00 00 
              00 00 00 
              00 00 00 



ARM Macro Assembler    Page 8 


              00 00 00 
              00 00 00 
              00 00 00 
              00 00 00 
              00 00 00 
              00 00 00 
              00 00 00 
              00 00 00 
              00 00 00 
              00 00 00 
              00 00 00 
              00 00 00 
              00 00 00 
              00 00 00 
              00 00 00 
              00 00 00 
              00 00 00 
              00 00 00 
              00 00 00 
              00 00 00 
              00 00 00 
              00 00 00 
              00 00 00 
              00 00 00 
              00 00 00 
              00 00 00 
              00 00 00 
              00 00 00 
              00 00 00 
              00 00 00 
              00 00 00 
              00 00 00 
              00 00 00 
              00 00 00 
              00 00 00 
              00 00 00 
              00 00 00 
              00 00 00 
              00 00 00 
              00 00 00 
              00 00 00 
              00 00 00 
              00 00 00 
              00 00 00 
              00 00 00 
              00 00 00 
              00 00 00 
              00 00 00 
              00 00 00 
              00 00 00 
              00               SPACE            (214 * 4)   ; Interrupts 10 .. 
                                                            224 are left out
  106 000003C0         __Vectors_End
  107 000003C0 000003C0 
                       __Vectors_Size
                               EQU              __Vectors_End - __Vectors
  108 000003C0         
  109 000003C0         
  110 000003C0                 AREA             |.text|, CODE, READONLY



ARM Macro Assembler    Page 9 


  111 00000000         
  112 00000000         ; Reset Handler
  113 00000000         
  114 00000000         Reset_Handler
                               PROC
  115 00000000                 EXPORT           Reset_Handler             [WEAK
]
  116 00000000                 IMPORT           SystemInit
  117 00000000                 IMPORT           __main
  118 00000000 480D            LDR              R0, =SystemInit
  119 00000002 4780            BLX              R0
  120 00000004 480D            LDR              R0, =__main
  121 00000006 4700            BX               R0
  122 00000008                 ENDP
  123 00000008         
  124 00000008         
  125 00000008         ; Macro to define default exception/interrupt handlers.
  126 00000008         ; Default handler are weak symbols with an endless loop.
                       
  127 00000008         ; They can be overwritten by real handlers.
  128 00000008                 MACRO
  129 00000008                 Set_Default_Handler
                                                $Handler_Name
  130 00000008         $Handler_Name
                               PROC
  131 00000008                 EXPORT           $Handler_Name             [WEAK
]
  132 00000008                 B                .
  133 00000008                 ENDP
  134 00000008                 MEND
  135 00000008         
  136 00000008         
  137 00000008         ; Default exception/interrupt handler
  138 00000008         
  139 00000008                 Set_Default_Handler
                                                NMI_Handler
  130 00000008         NMI_Handler
                               PROC
  131 00000008                 EXPORT           NMI_Handler             [WEAK]
  132 00000008 E7FE            B                .
  133 0000000A                 ENDP
  140 0000000A                 Set_Default_Handler
                                                HardFault_Handler
  130 0000000A         HardFault_Handler
                               PROC
  131 0000000A                 EXPORT           HardFault_Handler             [
WEAK]
  132 0000000A E7FE            B                .
  133 0000000C                 ENDP
  141 0000000C                 Set_Default_Handler
                                                MemManage_Handler
  130 0000000C         MemManage_Handler
                               PROC
  131 0000000C                 EXPORT           MemManage_Handler             [
WEAK]
  132 0000000C E7FE            B                .
  133 0000000E                 ENDP
  142 0000000E                 Set_Default_Handler
                                                BusFault_Handler



ARM Macro Assembler    Page 10 


  130 0000000E         BusFault_Handler
                               PROC
  131 0000000E                 EXPORT           BusFault_Handler             [W
EAK]
  132 0000000E E7FE            B                .
  133 00000010                 ENDP
  143 00000010                 Set_Default_Handler
                                                UsageFault_Handler
  130 00000010         UsageFault_Handler
                               PROC
  131 00000010                 EXPORT           UsageFault_Handler             
[WEAK]
  132 00000010 E7FE            B                .
  133 00000012                 ENDP
  144 00000012                 Set_Default_Handler
                                                SVC_Handler
  130 00000012         SVC_Handler
                               PROC
  131 00000012                 EXPORT           SVC_Handler             [WEAK]
  132 00000012 E7FE            B                .
  133 00000014                 ENDP
  145 00000014                 Set_Default_Handler
                                                DebugMon_Handler
  130 00000014         DebugMon_Handler
                               PROC
  131 00000014                 EXPORT           DebugMon_Handler             [W
EAK]
  132 00000014 E7FE            B                .
  133 00000016                 ENDP
  146 00000016                 Set_Default_Handler
                                                PendSV_Handler
  130 00000016         PendSV_Handler
                               PROC
  131 00000016                 EXPORT           PendSV_Handler             [WEA
K]
  132 00000016 E7FE            B                .
  133 00000018                 ENDP
  147 00000018         
  148 00000018                 Set_Default_Handler
                                                Interrupt0_Handler
  130 00000018         Interrupt0_Handler
                               PROC
  131 00000018                 EXPORT           Interrupt0_Handler             
[WEAK]
  132 00000018 E7FE            B                .
  133 0000001A                 ENDP
  149 0000001A                 Set_Default_Handler
                                                Interrupt1_Handler
  130 0000001A         Interrupt1_Handler
                               PROC
  131 0000001A                 EXPORT           Interrupt1_Handler             
[WEAK]
  132 0000001A E7FE            B                .
  133 0000001C                 ENDP
  150 0000001C                 Set_Default_Handler
                                                Interrupt2_Handler
  130 0000001C         Interrupt2_Handler
                               PROC
  131 0000001C                 EXPORT           Interrupt2_Handler             



ARM Macro Assembler    Page 11 


[WEAK]
  132 0000001C E7FE            B                .
  133 0000001E                 ENDP
  151 0000001E                 Set_Default_Handler
                                                Interrupt3_Handler
  130 0000001E         Interrupt3_Handler
                               PROC
  131 0000001E                 EXPORT           Interrupt3_Handler             
[WEAK]
  132 0000001E E7FE            B                .
  133 00000020                 ENDP
  152 00000020                 Set_Default_Handler
                                                Interrupt4_Handler
  130 00000020         Interrupt4_Handler
                               PROC
  131 00000020                 EXPORT           Interrupt4_Handler             
[WEAK]
  132 00000020 E7FE            B                .
  133 00000022                 ENDP
  153 00000022                 Set_Default_Handler
                                                Interrupt5_Handler
  130 00000022         Interrupt5_Handler
                               PROC
  131 00000022                 EXPORT           Interrupt5_Handler             
[WEAK]
  132 00000022 E7FE            B                .
  133 00000024                 ENDP
  154 00000024                 Set_Default_Handler
                                                Interrupt6_Handler
  130 00000024         Interrupt6_Handler
                               PROC
  131 00000024                 EXPORT           Interrupt6_Handler             
[WEAK]
  132 00000024 E7FE            B                .
  133 00000026                 ENDP
  155 00000026                 Set_Default_Handler
                                                Interrupt7_Handler
  130 00000026         Interrupt7_Handler
                               PROC
  131 00000026                 EXPORT           Interrupt7_Handler             
[WEAK]
  132 00000026 E7FE            B                .
  133 00000028                 ENDP
  156 00000028                 Set_Default_Handler
                                                Interrupt8_Handler
  130 00000028         Interrupt8_Handler
                               PROC
  131 00000028                 EXPORT           Interrupt8_Handler             
[WEAK]
  132 00000028 E7FE            B                .
  133 0000002A                 ENDP
  157 0000002A                 Set_Default_Handler
                                                Interrupt9_Handler
  130 0000002A         Interrupt9_Handler
                               PROC
  131 0000002A                 EXPORT           Interrupt9_Handler             
[WEAK]
  132 0000002A E7FE            B                .
  133 0000002C                 ENDP



ARM Macro Assembler    Page 12 


  158 0000002C         
  159 0000002C                 ALIGN
  160 0000002C         
  161 0000002C         SysTick_Handler
  162 0000002C B500            PUSH             {LR}        ; Sauvegarde l'adre
                                                            sse de retour dans 
                                                            le stack
  163 0000002E F10B 0B01       ADD              R11,#1      ; On incremente de 
                                                            un notre registre d
                                                            e seconde
  164 00000032 F85D EB04       POP              {LR}        ; Restauration de l
                                                            'adresse original
  165 00000036 4770            BX               LR          ; Retour au code gr
                                                            âce à l'adresse du 
                                                            retour  
  166 00000038         
  167 00000038         ; User setup Stack & Heap
  168 00000038         
  169 00000038                 IF               :LNOT::DEF:__MICROLIB
  171                          ENDIF
  172 00000038         
  173 00000038                 EXPORT           __stack_limit
  174 00000038                 EXPORT           __initial_sp
  175 00000038                 IF               Heap_Size != 0 
                                                            ; Heap is provided
  176 00000038                 EXPORT           __heap_base
  177 00000038                 EXPORT           __heap_limit
  178 00000038                 ENDIF
  179 00000038         
  180 00000038                 END
              00000000 
              00000000 
Command Line: --debug --xref --diag_suppress=9931 --cpu=Cortex-M3 --apcs=interw
ork --depend=.\objects\startup_armcm3.d -o.\objects\startup_armcm3.o -I.\RTE\_T
arget_1 -IC:\Users\polom\AppData\Local\Arm\Packs\ARM\CMSIS\5.5.1\CMSIS\Core\Inc
lude -IC:\Users\polom\AppData\Local\Arm\Packs\ARM\CMSIS\5.5.1\Device\ARM\ARMCM3
\Include --predefine="__EVAL SETA 1" --predefine="__MICROLIB SETA 1" --predefin
e="__UVISION_VERSION SETA 528" --predefine="_RTE_ SETA 1" --predefine="ARMCM3 S
ETA 1" --list=.\listings\startup_armcm3.lst RTE\Device\ARMCM3\startup_ARMCM3.s



ARM Macro Assembler    Page 1 Alphabetic symbol ordering
Relocatable symbols

STACK 00000000

Symbol: STACK
   Definitions
      At line 45 in file RTE\Device\ARMCM3\startup_ARMCM3.s
   Uses
      None
Comment: STACK unused
Stack_Mem 00000000

Symbol: Stack_Mem
   Definitions
      At line 47 in file RTE\Device\ARMCM3\startup_ARMCM3.s
   Uses
      None
Comment: Stack_Mem unused
__initial_sp 00000400

Symbol: __initial_sp
   Definitions
      At line 48 in file RTE\Device\ARMCM3\startup_ARMCM3.s
   Uses
      At line 76 in file RTE\Device\ARMCM3\startup_ARMCM3.s
      At line 174 in file RTE\Device\ARMCM3\startup_ARMCM3.s

__stack_limit 00000000

Symbol: __stack_limit
   Definitions
      At line 46 in file RTE\Device\ARMCM3\startup_ARMCM3.s
   Uses
      At line 173 in file RTE\Device\ARMCM3\startup_ARMCM3.s
Comment: __stack_limit used once
4 symbols



ARM Macro Assembler    Page 1 Alphabetic symbol ordering
Relocatable symbols

HEAP 00000000

Symbol: HEAP
   Definitions
      At line 58 in file RTE\Device\ARMCM3\startup_ARMCM3.s
   Uses
      None
Comment: HEAP unused
Heap_Mem 00000000

Symbol: Heap_Mem
   Definitions
      At line 60 in file RTE\Device\ARMCM3\startup_ARMCM3.s
   Uses
      None
Comment: Heap_Mem unused
__heap_base 00000000

Symbol: __heap_base
   Definitions
      At line 59 in file RTE\Device\ARMCM3\startup_ARMCM3.s
   Uses
      At line 176 in file RTE\Device\ARMCM3\startup_ARMCM3.s
Comment: __heap_base used once
__heap_limit 00000C00

Symbol: __heap_limit
   Definitions
      At line 61 in file RTE\Device\ARMCM3\startup_ARMCM3.s
   Uses
      At line 177 in file RTE\Device\ARMCM3\startup_ARMCM3.s
Comment: __heap_limit used once
4 symbols



ARM Macro Assembler    Page 1 Alphabetic symbol ordering
Relocatable symbols

RESET 00000000

Symbol: RESET
   Definitions
      At line 71 in file RTE\Device\ARMCM3\startup_ARMCM3.s
   Uses
      None
Comment: RESET unused
__Vectors 00000000

Symbol: __Vectors
   Definitions
      At line 76 in file RTE\Device\ARMCM3\startup_ARMCM3.s
   Uses
      At line 72 in file RTE\Device\ARMCM3\startup_ARMCM3.s
      At line 107 in file RTE\Device\ARMCM3\startup_ARMCM3.s

__Vectors_End 000003C0

Symbol: __Vectors_End
   Definitions
      At line 106 in file RTE\Device\ARMCM3\startup_ARMCM3.s
   Uses
      At line 73 in file RTE\Device\ARMCM3\startup_ARMCM3.s
      At line 107 in file RTE\Device\ARMCM3\startup_ARMCM3.s

3 symbols



ARM Macro Assembler    Page 1 Alphabetic symbol ordering
Relocatable symbols

.text 00000000

Symbol: .text
   Definitions
      At line 110 in file RTE\Device\ARMCM3\startup_ARMCM3.s
   Uses
      None
Comment: .text unused
BusFault_Handler 0000000E

Symbol: BusFault_Handler
   Definitions
      At line 130 in macro Set_Default_Handler
      at line 142 in file RTE\Device\ARMCM3\startup_ARMCM3.s
   Uses
      At line 81 in file RTE\Device\ARMCM3\startup_ARMCM3.s
      At line 131 in macro Set_Default_Handler
      at line 142 in file RTE\Device\ARMCM3\startup_ARMCM3.s

DebugMon_Handler 00000014

Symbol: DebugMon_Handler
   Definitions
      At line 130 in macro Set_Default_Handler
      at line 145 in file RTE\Device\ARMCM3\startup_ARMCM3.s
   Uses
      At line 88 in file RTE\Device\ARMCM3\startup_ARMCM3.s
      At line 131 in macro Set_Default_Handler
      at line 145 in file RTE\Device\ARMCM3\startup_ARMCM3.s

HardFault_Handler 0000000A

Symbol: HardFault_Handler
   Definitions
      At line 130 in macro Set_Default_Handler
      at line 140 in file RTE\Device\ARMCM3\startup_ARMCM3.s
   Uses
      At line 79 in file RTE\Device\ARMCM3\startup_ARMCM3.s
      At line 131 in macro Set_Default_Handler
      at line 140 in file RTE\Device\ARMCM3\startup_ARMCM3.s

Interrupt0_Handler 00000018

Symbol: Interrupt0_Handler
   Definitions
      At line 130 in macro Set_Default_Handler
      at line 148 in file RTE\Device\ARMCM3\startup_ARMCM3.s
   Uses
      At line 94 in file RTE\Device\ARMCM3\startup_ARMCM3.s
      At line 131 in macro Set_Default_Handler
      at line 148 in file RTE\Device\ARMCM3\startup_ARMCM3.s

Interrupt1_Handler 0000001A

Symbol: Interrupt1_Handler
   Definitions
      At line 130 in macro Set_Default_Handler
      at line 149 in file RTE\Device\ARMCM3\startup_ARMCM3.s
   Uses



ARM Macro Assembler    Page 2 Alphabetic symbol ordering
Relocatable symbols

      At line 95 in file RTE\Device\ARMCM3\startup_ARMCM3.s
      At line 131 in macro Set_Default_Handler
      at line 149 in file RTE\Device\ARMCM3\startup_ARMCM3.s

Interrupt2_Handler 0000001C

Symbol: Interrupt2_Handler
   Definitions
      At line 130 in macro Set_Default_Handler
      at line 150 in file RTE\Device\ARMCM3\startup_ARMCM3.s
   Uses
      At line 96 in file RTE\Device\ARMCM3\startup_ARMCM3.s
      At line 131 in macro Set_Default_Handler
      at line 150 in file RTE\Device\ARMCM3\startup_ARMCM3.s

Interrupt3_Handler 0000001E

Symbol: Interrupt3_Handler
   Definitions
      At line 130 in macro Set_Default_Handler
      at line 151 in file RTE\Device\ARMCM3\startup_ARMCM3.s
   Uses
      At line 97 in file RTE\Device\ARMCM3\startup_ARMCM3.s
      At line 131 in macro Set_Default_Handler
      at line 151 in file RTE\Device\ARMCM3\startup_ARMCM3.s

Interrupt4_Handler 00000020

Symbol: Interrupt4_Handler
   Definitions
      At line 130 in macro Set_Default_Handler
      at line 152 in file RTE\Device\ARMCM3\startup_ARMCM3.s
   Uses
      At line 98 in file RTE\Device\ARMCM3\startup_ARMCM3.s
      At line 131 in macro Set_Default_Handler
      at line 152 in file RTE\Device\ARMCM3\startup_ARMCM3.s

Interrupt5_Handler 00000022

Symbol: Interrupt5_Handler
   Definitions
      At line 130 in macro Set_Default_Handler
      at line 153 in file RTE\Device\ARMCM3\startup_ARMCM3.s
   Uses
      At line 99 in file RTE\Device\ARMCM3\startup_ARMCM3.s
      At line 131 in macro Set_Default_Handler
      at line 153 in file RTE\Device\ARMCM3\startup_ARMCM3.s

Interrupt6_Handler 00000024

Symbol: Interrupt6_Handler
   Definitions
      At line 130 in macro Set_Default_Handler
      at line 154 in file RTE\Device\ARMCM3\startup_ARMCM3.s
   Uses
      At line 100 in file RTE\Device\ARMCM3\startup_ARMCM3.s
      At line 131 in macro Set_Default_Handler
      at line 154 in file RTE\Device\ARMCM3\startup_ARMCM3.s




ARM Macro Assembler    Page 3 Alphabetic symbol ordering
Relocatable symbols

Interrupt7_Handler 00000026

Symbol: Interrupt7_Handler
   Definitions
      At line 130 in macro Set_Default_Handler
      at line 155 in file RTE\Device\ARMCM3\startup_ARMCM3.s
   Uses
      At line 101 in file RTE\Device\ARMCM3\startup_ARMCM3.s
      At line 131 in macro Set_Default_Handler
      at line 155 in file RTE\Device\ARMCM3\startup_ARMCM3.s

Interrupt8_Handler 00000028

Symbol: Interrupt8_Handler
   Definitions
      At line 130 in macro Set_Default_Handler
      at line 156 in file RTE\Device\ARMCM3\startup_ARMCM3.s
   Uses
      At line 102 in file RTE\Device\ARMCM3\startup_ARMCM3.s
      At line 131 in macro Set_Default_Handler
      at line 156 in file RTE\Device\ARMCM3\startup_ARMCM3.s

Interrupt9_Handler 0000002A

Symbol: Interrupt9_Handler
   Definitions
      At line 130 in macro Set_Default_Handler
      at line 157 in file RTE\Device\ARMCM3\startup_ARMCM3.s
   Uses
      At line 103 in file RTE\Device\ARMCM3\startup_ARMCM3.s
      At line 131 in macro Set_Default_Handler
      at line 157 in file RTE\Device\ARMCM3\startup_ARMCM3.s

MemManage_Handler 0000000C

Symbol: MemManage_Handler
   Definitions
      At line 130 in macro Set_Default_Handler
      at line 141 in file RTE\Device\ARMCM3\startup_ARMCM3.s
   Uses
      At line 80 in file RTE\Device\ARMCM3\startup_ARMCM3.s
      At line 131 in macro Set_Default_Handler
      at line 141 in file RTE\Device\ARMCM3\startup_ARMCM3.s

NMI_Handler 00000008

Symbol: NMI_Handler
   Definitions
      At line 130 in macro Set_Default_Handler
      at line 139 in file RTE\Device\ARMCM3\startup_ARMCM3.s
   Uses
      At line 78 in file RTE\Device\ARMCM3\startup_ARMCM3.s
      At line 131 in macro Set_Default_Handler
      at line 139 in file RTE\Device\ARMCM3\startup_ARMCM3.s

PendSV_Handler 00000016

Symbol: PendSV_Handler
   Definitions



ARM Macro Assembler    Page 4 Alphabetic symbol ordering
Relocatable symbols

      At line 130 in macro Set_Default_Handler
      at line 146 in file RTE\Device\ARMCM3\startup_ARMCM3.s
   Uses
      At line 90 in file RTE\Device\ARMCM3\startup_ARMCM3.s
      At line 131 in macro Set_Default_Handler
      at line 146 in file RTE\Device\ARMCM3\startup_ARMCM3.s

Reset_Handler 00000000

Symbol: Reset_Handler
   Definitions
      At line 114 in file RTE\Device\ARMCM3\startup_ARMCM3.s
   Uses
      At line 77 in file RTE\Device\ARMCM3\startup_ARMCM3.s
      At line 115 in file RTE\Device\ARMCM3\startup_ARMCM3.s

SVC_Handler 00000012

Symbol: SVC_Handler
   Definitions
      At line 130 in macro Set_Default_Handler
      at line 144 in file RTE\Device\ARMCM3\startup_ARMCM3.s
   Uses
      At line 87 in file RTE\Device\ARMCM3\startup_ARMCM3.s
      At line 131 in macro Set_Default_Handler
      at line 144 in file RTE\Device\ARMCM3\startup_ARMCM3.s

SysTick_Handler 0000002C

Symbol: SysTick_Handler
   Definitions
      At line 161 in file RTE\Device\ARMCM3\startup_ARMCM3.s
   Uses
      At line 91 in file RTE\Device\ARMCM3\startup_ARMCM3.s
Comment: SysTick_Handler used once
UsageFault_Handler 00000010

Symbol: UsageFault_Handler
   Definitions
      At line 130 in macro Set_Default_Handler
      at line 143 in file RTE\Device\ARMCM3\startup_ARMCM3.s
   Uses
      At line 82 in file RTE\Device\ARMCM3\startup_ARMCM3.s
      At line 131 in macro Set_Default_Handler
      at line 143 in file RTE\Device\ARMCM3\startup_ARMCM3.s

21 symbols



ARM Macro Assembler    Page 1 Alphabetic symbol ordering
Absolute symbols

Heap_Size 00000C00

Symbol: Heap_Size
   Definitions
      At line 55 in file RTE\Device\ARMCM3\startup_ARMCM3.s
   Uses
      At line 57 in file RTE\Device\ARMCM3\startup_ARMCM3.s
      At line 60 in file RTE\Device\ARMCM3\startup_ARMCM3.s
      At line 175 in file RTE\Device\ARMCM3\startup_ARMCM3.s

RCC 400FE060

Symbol: RCC
   Definitions
      At line 32 in file RTE\Device\ARMCM3\startup_ARMCM3.s
   Uses
      None
Comment: RCC unused
RCC2 400FE070

Symbol: RCC2
   Definitions
      At line 33 in file RTE\Device\ARMCM3\startup_ARMCM3.s
   Uses
      None
Comment: RCC2 unused
RCC2_DIV400 40000000

Symbol: RCC2_DIV400
   Definitions
      At line 39 in file RTE\Device\ARMCM3\startup_ARMCM3.s
   Uses
      None
Comment: RCC2_DIV400 unused
RCC_OSCSRC 00000030

Symbol: RCC_OSCSRC
   Definitions
      At line 36 in file RTE\Device\ARMCM3\startup_ARMCM3.s
   Uses
      None
Comment: RCC_OSCSRC unused
RCC_OSCSRC_MAIN 00000000

Symbol: RCC_OSCSRC_MAIN
   Definitions
      At line 37 in file RTE\Device\ARMCM3\startup_ARMCM3.s
   Uses
      None
Comment: RCC_OSCSRC_MAIN unused
RCC_PWRDN 00002000

Symbol: RCC_PWRDN
   Definitions
      At line 38 in file RTE\Device\ARMCM3\startup_ARMCM3.s
   Uses
      None
Comment: RCC_PWRDN unused
RCC_SYSDIV 07800000



ARM Macro Assembler    Page 2 Alphabetic symbol ordering
Absolute symbols


Symbol: RCC_SYSDIV
   Definitions
      At line 40 in file RTE\Device\ARMCM3\startup_ARMCM3.s
   Uses
      None
Comment: RCC_SYSDIV unused
RCC_SYSDIV2 1F800000

Symbol: RCC_SYSDIV2
   Definitions
      At line 41 in file RTE\Device\ARMCM3\startup_ARMCM3.s
   Uses
      None
Comment: RCC_SYSDIV2 unused
RCC_XTAL 000007C0

Symbol: RCC_XTAL
   Definitions
      At line 34 in file RTE\Device\ARMCM3\startup_ARMCM3.s
   Uses
      None
Comment: RCC_XTAL unused
RCC_XTAL_16MHZ 00000540

Symbol: RCC_XTAL_16MHZ
   Definitions
      At line 35 in file RTE\Device\ARMCM3\startup_ARMCM3.s
   Uses
      None
Comment: RCC_XTAL_16MHZ unused
Stack_Size 00000400

Symbol: Stack_Size
   Definitions
      At line 43 in file RTE\Device\ARMCM3\startup_ARMCM3.s
   Uses
      At line 47 in file RTE\Device\ARMCM3\startup_ARMCM3.s
Comment: Stack_Size used once
__Vectors_Size 000003C0

Symbol: __Vectors_Size
   Definitions
      At line 107 in file RTE\Device\ARMCM3\startup_ARMCM3.s
   Uses
      At line 74 in file RTE\Device\ARMCM3\startup_ARMCM3.s
Comment: __Vectors_Size used once
13 symbols



ARM Macro Assembler    Page 1 Alphabetic symbol ordering
External symbols

SystemInit 00000000

Symbol: SystemInit
   Definitions
      At line 116 in file RTE\Device\ARMCM3\startup_ARMCM3.s
   Uses
      At line 118 in file RTE\Device\ARMCM3\startup_ARMCM3.s
Comment: SystemInit used once
__main 00000000

Symbol: __main
   Definitions
      At line 117 in file RTE\Device\ARMCM3\startup_ARMCM3.s
   Uses
      At line 120 in file RTE\Device\ARMCM3\startup_ARMCM3.s
Comment: __main used once
2 symbols
384 symbols in table
